 2020-04-09 16:45:54,498 - DEBUG - Start of program
 2020-04-09 16:45:54,499 - DEBUG - Start of user input
 2020-04-09 16:45:57,181 - DEBUG - Received input: heads
 2020-04-09 16:45:57,181 - DEBUG - Toss is: 0
 2020-04-09 16:45:57,181 - DEBUG - Checking if toss = guess: <class 'int'>:0 = <class 'str'>:heads
 2020-04-09 16:45:59,618 - DEBUG - Checking if toss = guess: <class 'int'>:0 = <class 'str'>:heads
 2020-04-09 16:45:59,618 - DEBUG - End of program
 2020-04-09 16:45:59,619 - DEBUG - Start of Math program
 2020-04-09 16:45:59,619 - DEBUG - Divide: 381 By: 30
 2020-04-09 16:45:59,619 - DEBUG - Divide: 437 By: 24
 2020-04-09 16:45:59,619 - DEBUG - Divide: 52 By: 200
 2020-04-09 16:45:59,619 - DEBUG - Divide: 584 By: 285
 2020-04-09 16:45:59,619 - DEBUG - Divide: 449 By: 64
 2020-04-09 16:45:59,619 - DEBUG - Divide: 499 By: 26
 2020-04-09 16:45:59,620 - DEBUG - Divide: 413 By: 84
 2020-04-09 16:45:59,620 - DEBUG - Divide: 924 By: 226
 2020-04-09 16:45:59,620 - DEBUG - Divide: 144 By: 45
 2020-04-09 16:45:59,620 - DEBUG - Divide: 303 By: 157
 2020-04-09 16:45:59,620 - DEBUG - Divide: 414 By: 259
 2020-04-09 16:45:59,620 - DEBUG - Divide: 489 By: 263
 2020-04-09 16:45:59,620 - DEBUG - Divide: 713 By: 44
 2020-04-09 16:45:59,620 - DEBUG - Divide: 662 By: 194
 2020-04-09 16:45:59,620 - DEBUG - Divide: 692 By: 249
 2020-04-09 16:45:59,620 - DEBUG - Divide: 215 By: 76
 2020-04-09 16:45:59,620 - DEBUG - Divide: 959 By: 150
 2020-04-09 16:45:59,621 - DEBUG - Divide: 354 By: 115
 2020-04-09 16:45:59,621 - DEBUG - Divide: 806 By: 3
 2020-04-09 16:45:59,621 - DEBUG - Divide: 778 By: 189
 2020-04-09 16:45:59,621 - DEBUG - Divide: 638 By: 241
 2020-04-09 16:45:59,621 - DEBUG - Divide: 749 By: 268
 2020-04-09 16:45:59,621 - DEBUG - Divide: 51 By: 85
 2020-04-09 16:45:59,621 - DEBUG - Divide: 508 By: 5
 2020-04-09 16:45:59,621 - DEBUG - Divide: 530 By: 9
 2020-04-09 16:45:59,621 - DEBUG - Divide: 569 By: 292
 2020-04-09 16:45:59,621 - DEBUG - Divide: 304 By: 204
 2020-04-09 16:45:59,621 - DEBUG - Divide: 41 By: 278
 2020-04-09 16:45:59,621 - DEBUG - Divide: 200 By: 158
 2020-04-09 16:45:59,621 - DEBUG - Divide: 832 By: 264
 2020-04-09 16:45:59,621 - DEBUG - Divide: 353 By: 132
 2020-04-09 16:45:59,621 - DEBUG - Divide: 683 By: 109
 2020-04-09 16:45:59,622 - DEBUG - Divide: 738 By: 2
 2020-04-09 16:45:59,622 - DEBUG - Divide: 1 By: 132
 2020-04-09 16:45:59,622 - DEBUG - Divide: 406 By: 110
 2020-04-09 16:45:59,622 - DEBUG - Divide: 372 By: 291
 2020-04-09 16:45:59,622 - DEBUG - Divide: 283 By: 129
 2020-04-09 16:45:59,622 - DEBUG - Divide: 75 By: 239
 2020-04-09 16:45:59,622 - DEBUG - Divide: 472 By: 12
 2020-04-09 16:45:59,622 - DEBUG - Divide: 899 By: 17
 2020-04-09 16:45:59,622 - DEBUG - Divide: 346 By: 0
 2020-04-09 16:45:59,622 - CRITICAL - Line 62: Error dividing 346 by 0. Cannot divide by 0.
 2020-04-09 16:45:59,622 - DEBUG - Divide: 112 By: 127
 2020-04-09 16:45:59,622 - DEBUG - Divide: 101 By: 138
 2020-04-09 16:45:59,622 - DEBUG - Divide: 386 By: 53
 2020-04-09 16:45:59,622 - DEBUG - Divide: 375 By: 87
 2020-04-09 16:45:59,623 - DEBUG - Divide: 605 By: 144
 2020-04-09 16:45:59,623 - DEBUG - Divide: 996 By: 238
 2020-04-09 16:45:59,623 - DEBUG - Divide: 361 By: 163
 2020-04-09 16:45:59,623 - DEBUG - Divide: 522 By: 235
 2020-04-09 16:45:59,623 - DEBUG - Divide: 798 By: 92
 2020-04-09 16:45:59,623 - DEBUG - Divide: 841 By: 79
 2020-04-09 16:45:59,623 - DEBUG - Divide: 415 By: 26
 2020-04-09 16:45:59,623 - DEBUG - Divide: 293 By: 294
 2020-04-09 16:45:59,623 - DEBUG - Divide: 846 By: 200
 2020-04-09 16:45:59,623 - DEBUG - Divide: 574 By: 187
 2020-04-09 16:45:59,623 - DEBUG - Divide: 283 By: 228
 2020-04-09 16:45:59,623 - DEBUG - Divide: 977 By: 282
 2020-04-09 16:45:59,623 - DEBUG - Divide: 772 By: 72
 2020-04-09 16:45:59,624 - DEBUG - Divide: 469 By: 128
 2020-04-09 16:45:59,624 - DEBUG - Divide: 381 By: 10
 2020-04-09 16:45:59,624 - DEBUG - Divide: 456 By: 138
 2020-04-09 16:45:59,624 - DEBUG - Divide: 401 By: 24
 2020-04-09 16:45:59,624 - DEBUG - Divide: 38 By: 262
 2020-04-09 16:45:59,624 - DEBUG - Divide: 724 By: 144
 2020-04-09 16:45:59,624 - DEBUG - Divide: 40 By: 258
 2020-04-09 16:45:59,624 - DEBUG - Divide: 478 By: 216
 2020-04-09 16:45:59,624 - DEBUG - Divide: 0 By: 298
 2020-04-09 16:45:59,624 - DEBUG - Divide: 852 By: 243
 2020-04-09 16:45:59,624 - DEBUG - Divide: 100 By: 141
 2020-04-09 16:45:59,625 - DEBUG - Divide: 737 By: 79
 2020-04-09 16:45:59,625 - DEBUG - Divide: 609 By: 27
 2020-04-09 16:45:59,625 - DEBUG - Divide: 164 By: 207
 2020-04-09 16:45:59,625 - DEBUG - Divide: 245 By: 16
 2020-04-09 16:45:59,625 - DEBUG - Divide: 622 By: 108
 2020-04-09 16:45:59,625 - DEBUG - Divide: 506 By: 253
 2020-04-09 16:45:59,625 - DEBUG - Divide: 441 By: 202
 2020-04-09 16:45:59,625 - DEBUG - Divide: 897 By: 184
 2020-04-09 16:45:59,625 - DEBUG - Divide: 413 By: 254
 2020-04-09 16:45:59,625 - DEBUG - Divide: 159 By: 14
 2020-04-09 16:45:59,625 - DEBUG - Divide: 571 By: 281
 2020-04-09 16:45:59,625 - DEBUG - Divide: 534 By: 22
 2020-04-09 16:45:59,625 - DEBUG - Divide: 433 By: 48
 2020-04-09 16:45:59,625 - DEBUG - Divide: 281 By: 54
 2020-04-09 16:45:59,625 - DEBUG - Divide: 913 By: 174
 2020-04-09 16:45:59,625 - DEBUG - Divide: 121 By: 168
 2020-04-09 16:45:59,626 - DEBUG - Divide: 528 By: 84
 2020-04-09 16:45:59,626 - DEBUG - Divide: 711 By: 66
 2020-04-09 16:45:59,626 - DEBUG - Divide: 153 By: 164
 2020-04-09 16:45:59,626 - DEBUG - Divide: 735 By: 294
 2020-04-09 16:45:59,626 - DEBUG - Divide: 870 By: 137
 2020-04-09 16:45:59,626 - DEBUG - Divide: 188 By: 198
 2020-04-09 16:45:59,626 - DEBUG - Divide: 591 By: 7
 2020-04-09 16:45:59,626 - DEBUG - Divide: 775 By: 5
 2020-04-09 16:45:59,626 - DEBUG - Divide: 412 By: 289
 2020-04-09 16:45:59,626 - DEBUG - Divide: 379 By: 167
 2020-04-09 16:45:59,626 - DEBUG - Divide: 509 By: 32
 2020-04-09 16:45:59,626 - DEBUG - Divide: 407 By: 215
 2020-04-09 16:45:59,626 - DEBUG - Divide: 636 By: 59
 2020-04-09 16:45:59,626 - DEBUG - Divide: 977 By: 155
 2020-04-09 16:45:59,626 - DEBUG - Divide: 696 By: 44
 2020-04-09 16:45:59,627 - DEBUG - Divide: 32 By: 72
 2020-04-09 16:45:59,627 - DEBUG - Divide: 977 By: 101
 2020-04-09 16:45:59,627 - DEBUG - Divide: 487 By: 3
 2020-04-09 16:45:59,627 - DEBUG - Divide: 682 By: 78
 2020-04-09 16:45:59,627 - DEBUG - Divide: 289 By: 96
 2020-04-09 16:45:59,627 - DEBUG - Divide: 291 By: 80
 2020-04-09 16:45:59,627 - DEBUG - Divide: 353 By: 6
 2020-04-09 16:45:59,627 - DEBUG - Divide: 481 By: 1
 2020-04-09 16:45:59,627 - DEBUG - Divide: 997 By: 155
 2020-04-09 16:45:59,627 - DEBUG - Divide: 280 By: 22
 2020-04-09 16:45:59,627 - DEBUG - Divide: 84 By: 150
 2020-04-09 16:45:59,627 - DEBUG - Divide: 464 By: 248
 2020-04-09 16:45:59,627 - DEBUG - Divide: 594 By: 279
 2020-04-09 16:45:59,627 - DEBUG - Divide: 503 By: 9
 2020-04-09 16:45:59,628 - DEBUG - Divide: 232 By: 259
 2020-04-09 16:45:59,628 - DEBUG - Divide: 979 By: 5
 2020-04-09 16:45:59,628 - DEBUG - Divide: 459 By: 259
 2020-04-09 16:45:59,628 - DEBUG - Divide: 980 By: 183
 2020-04-09 16:45:59,628 - DEBUG - Divide: 704 By: 194
 2020-04-09 16:45:59,628 - DEBUG - Divide: 911 By: 60
 2020-04-09 16:45:59,628 - DEBUG - Divide: 979 By: 45
 2020-04-09 16:45:59,628 - DEBUG - Divide: 771 By: 136
 2020-04-09 16:45:59,628 - DEBUG - Divide: 357 By: 166
 2020-04-09 16:45:59,628 - DEBUG - Divide: 784 By: 217
 2020-04-09 16:45:59,628 - DEBUG - Divide: 639 By: 226
 2020-04-09 16:45:59,628 - DEBUG - Divide: 810 By: 43
 2020-04-09 16:45:59,628 - DEBUG - Divide: 822 By: 186
 2020-04-09 16:45:59,629 - DEBUG - Divide: 58 By: 216
 2020-04-09 16:45:59,629 - DEBUG - Divide: 321 By: 75
 2020-04-09 16:45:59,629 - DEBUG - Divide: 196 By: 112
 2020-04-09 16:45:59,629 - DEBUG - Divide: 927 By: 27
 2020-04-09 16:45:59,629 - DEBUG - Divide: 965 By: 262
 2020-04-09 16:45:59,629 - DEBUG - Divide: 277 By: 7
 2020-04-09 16:45:59,629 - DEBUG - Divide: 631 By: 24
 2020-04-09 16:45:59,629 - DEBUG - Divide: 627 By: 166
 2020-04-09 16:45:59,629 - DEBUG - Divide: 318 By: 265
 2020-04-09 16:45:59,629 - DEBUG - Divide: 400 By: 171
 2020-04-09 16:45:59,629 - DEBUG - Divide: 178 By: 109
 2020-04-09 16:45:59,629 - DEBUG - Divide: 992 By: 87
 2020-04-09 16:45:59,629 - DEBUG - Divide: 406 By: 246
 2020-04-09 16:45:59,629 - DEBUG - Divide: 660 By: 70
 2020-04-09 16:45:59,629 - DEBUG - Divide: 169 By: 234
 2020-04-09 16:45:59,630 - DEBUG - Divide: 40 By: 71
 2020-04-09 16:45:59,630 - DEBUG - Divide: 889 By: 57
 2020-04-09 16:45:59,630 - DEBUG - Divide: 513 By: 93
 2020-04-09 16:45:59,630 - DEBUG - Divide: 553 By: 168
 2020-04-09 16:45:59,630 - DEBUG - Divide: 748 By: 124
 2020-04-09 16:45:59,630 - DEBUG - Divide: 507 By: 140
 2020-04-09 16:45:59,630 - DEBUG - Divide: 339 By: 113
 2020-04-09 16:45:59,630 - DEBUG - Divide: 857 By: 4
 2020-04-09 16:45:59,630 - DEBUG - Divide: 586 By: 221
 2020-04-09 16:45:59,630 - DEBUG - Divide: 127 By: 67
 2020-04-09 16:45:59,630 - DEBUG - Divide: 468 By: 223
 2020-04-09 16:45:59,630 - DEBUG - Divide: 838 By: 18
 2020-04-09 16:45:59,630 - DEBUG - Divide: 927 By: 259
 2020-04-09 16:45:59,630 - DEBUG - Divide: 790 By: 47
 2020-04-09 16:45:59,630 - DEBUG - Divide: 428 By: 167
 2020-04-09 16:45:59,631 - DEBUG - Divide: 692 By: 165
 2020-04-09 16:45:59,631 - DEBUG - Divide: 878 By: 159
 2020-04-09 16:45:59,631 - DEBUG - Divide: 866 By: 53
 2020-04-09 16:45:59,631 - DEBUG - Divide: 589 By: 231
 2020-04-09 16:45:59,631 - DEBUG - Divide: 530 By: 148
 2020-04-09 16:45:59,631 - DEBUG - Divide: 46 By: 232
 2020-04-09 16:45:59,631 - DEBUG - Divide: 989 By: 71
 2020-04-09 16:45:59,631 - DEBUG - Divide: 311 By: 75
 2020-04-09 16:45:59,631 - DEBUG - Divide: 791 By: 117
 2020-04-09 16:45:59,631 - DEBUG - Divide: 613 By: 57
 2020-04-09 16:45:59,631 - DEBUG - Divide: 357 By: 289
 2020-04-09 16:45:59,631 - DEBUG - Divide: 960 By: 71
 2020-04-09 16:45:59,631 - DEBUG - Divide: 166 By: 292
 2020-04-09 16:45:59,631 - DEBUG - Divide: 67 By: 291
 2020-04-09 16:45:59,631 - DEBUG - Divide: 453 By: 44
 2020-04-09 16:45:59,632 - DEBUG - Divide: 700 By: 11
 2020-04-09 16:45:59,632 - DEBUG - Divide: 112 By: 9
 2020-04-09 16:45:59,632 - DEBUG - Divide: 200 By: 175
 2020-04-09 16:45:59,632 - DEBUG - Divide: 390 By: 28
 2020-04-09 16:45:59,632 - DEBUG - Divide: 236 By: 103
 2020-04-09 16:45:59,632 - DEBUG - Divide: 188 By: 218
 2020-04-09 16:45:59,632 - DEBUG - Divide: 158 By: 292
 2020-04-09 16:45:59,632 - DEBUG - Divide: 469 By: 211
 2020-04-09 16:45:59,632 - DEBUG - Divide: 875 By: 273
 2020-04-09 16:45:59,632 - DEBUG - Divide: 465 By: 220
 2020-04-09 16:45:59,632 - DEBUG - Divide: 476 By: 79
 2020-04-09 16:45:59,632 - DEBUG - Divide: 910 By: 172
 2020-04-09 16:45:59,632 - DEBUG - Divide: 755 By: 114
 2020-04-09 16:45:59,632 - DEBUG - Divide: 46 By: 171
 2020-04-09 16:45:59,632 - DEBUG - Divide: 147 By: 108
 2020-04-09 16:45:59,633 - DEBUG - Divide: 917 By: 123
 2020-04-09 16:45:59,633 - DEBUG - Divide: 201 By: 128
 2020-04-09 16:45:59,633 - DEBUG - Divide: 150 By: 112
 2020-04-09 16:45:59,633 - DEBUG - Divide: 483 By: 59
 2020-04-09 16:45:59,633 - DEBUG - Divide: 104 By: 14
 2020-04-09 16:45:59,633 - DEBUG - Divide: 727 By: 120
 2020-04-09 16:45:59,633 - DEBUG - Divide: 38 By: 189
 2020-04-09 16:45:59,633 - DEBUG - Divide: 893 By: 187
 2020-04-09 16:45:59,633 - DEBUG - Divide: 45 By: 79
 2020-04-09 16:45:59,633 - DEBUG - Divide: 701 By: 14
 2020-04-09 16:45:59,633 - DEBUG - Divide: 926 By: 294
 2020-04-09 16:45:59,633 - DEBUG - Divide: 558 By: 171
 2020-04-09 16:45:59,633 - DEBUG - Divide: 836 By: 296
 2020-04-09 16:45:59,633 - DEBUG - Divide: 26 By: 202
 2020-04-09 16:45:59,633 - DEBUG - Divide: 289 By: 226
 2020-04-09 16:45:59,634 - DEBUG - Divide: 394 By: 180
 2020-04-09 16:45:59,634 - DEBUG - Divide: 306 By: 160
 2020-04-09 16:45:59,634 - DEBUG - Divide: 187 By: 30
 2020-04-09 16:45:59,634 - DEBUG - Divide: 296 By: 228
 2020-04-09 16:45:59,634 - DEBUG - Divide: 535 By: 137
 2020-04-09 16:45:59,634 - DEBUG - Divide: 194 By: 214
 2020-04-09 16:45:59,634 - DEBUG - Divide: 166 By: 169
 2020-04-09 16:45:59,634 - DEBUG - Divide: 196 By: 208
 2020-04-09 16:45:59,634 - DEBUG - Divide: 965 By: 184
 2020-04-09 16:45:59,634 - DEBUG - Divide: 54 By: 99
 2020-04-09 16:45:59,634 - DEBUG - Divide: 147 By: 215
 2020-04-09 16:45:59,634 - DEBUG - Divide: 260 By: 98
 2020-04-09 16:45:59,634 - DEBUG - Divide: 846 By: 126
 2020-04-09 16:45:59,634 - DEBUG - Divide: 947 By: 250
 2020-04-09 16:45:59,635 - DEBUG - Divide: 793 By: 63
 2020-04-09 16:45:59,635 - DEBUG - Divide: 834 By: 269
 2020-04-09 16:45:59,635 - DEBUG - Divide: 286 By: 271
 2020-04-09 16:45:59,635 - DEBUG - Divide: 97 By: 250
 2020-04-09 16:45:59,635 - DEBUG - Divide: 898 By: 152
 2020-04-09 16:45:59,635 - DEBUG - Divide: 170 By: 228
 2020-04-09 16:45:59,635 - DEBUG - Divide: 876 By: 77
 2020-04-09 16:45:59,635 - DEBUG - Divide: 372 By: 251
 2020-04-09 16:45:59,635 - DEBUG - Divide: 16 By: 96
 2020-04-09 16:45:59,635 - DEBUG - Divide: 947 By: 298
 2020-04-09 16:45:59,635 - DEBUG - Divide: 889 By: 42
 2020-04-09 16:45:59,635 - DEBUG - Divide: 401 By: 56
 2020-04-09 16:45:59,635 - DEBUG - Divide: 988 By: 213
 2020-04-09 16:45:59,635 - DEBUG - Divide: 704 By: 299
 2020-04-09 16:45:59,635 - DEBUG - Divide: 225 By: 187
 2020-04-09 16:45:59,635 - DEBUG - Divide: 46 By: 7
 2020-04-09 16:45:59,636 - DEBUG - Divide: 811 By: 262
 2020-04-09 16:45:59,636 - DEBUG - Divide: 165 By: 162
 2020-04-09 16:45:59,636 - DEBUG - Divide: 412 By: 83
 2020-04-09 16:45:59,636 - DEBUG - Divide: 528 By: 291
 2020-04-09 16:45:59,636 - DEBUG - Divide: 212 By: 247
 2020-04-09 16:45:59,636 - DEBUG - Divide: 467 By: 112
 2020-04-09 16:45:59,636 - DEBUG - Divide: 727 By: 46
 2020-04-09 16:45:59,636 - DEBUG - Divide: 187 By: 137
 2020-04-09 16:45:59,636 - DEBUG - Divide: 909 By: 293
 2020-04-09 16:45:59,636 - DEBUG - Divide: 161 By: 211
 2020-04-09 16:45:59,636 - DEBUG - Divide: 201 By: 61
 2020-04-09 16:45:59,636 - DEBUG - Divide: 584 By: 27
 2020-04-09 16:45:59,636 - DEBUG - Divide: 163 By: 261
 2020-04-09 16:45:59,636 - DEBUG - Divide: 194 By: 102
 2020-04-09 16:45:59,636 - DEBUG - Divide: 805 By: 33
 2020-04-09 16:45:59,636 - DEBUG - Divide: 248 By: 222
 2020-04-09 16:45:59,636 - DEBUG - Divide: 413 By: 240
 2020-04-09 16:45:59,636 - DEBUG - Divide: 461 By: 111
 2020-04-09 16:45:59,636 - DEBUG - Divide: 4 By: 166
 2020-04-09 16:45:59,636 - DEBUG - Divide: 337 By: 227
 2020-04-09 16:45:59,636 - DEBUG - Divide: 441 By: 265
 2020-04-09 16:45:59,636 - DEBUG - Divide: 491 By: 109
 2020-04-09 16:45:59,636 - DEBUG - Divide: 238 By: 157
 2020-04-09 16:45:59,636 - DEBUG - Divide: 694 By: 199
 2020-04-09 16:45:59,636 - DEBUG - Divide: 297 By: 71
 2020-04-09 16:45:59,636 - DEBUG - Divide: 952 By: 230
 2020-04-09 16:45:59,636 - DEBUG - Divide: 162 By: 94
 2020-04-09 16:45:59,636 - DEBUG - Divide: 878 By: 211
 2020-04-09 16:45:59,636 - DEBUG - Divide: 609 By: 294
 2020-04-09 16:45:59,636 - DEBUG - Divide: 166 By: 248
 2020-04-09 16:45:59,636 - DEBUG - Divide: 519 By: 87
 2020-04-09 16:45:59,636 - DEBUG - Divide: 583 By: 96
 2020-04-09 16:45:59,638 - DEBUG - Divide: 821 By: 16
 2020-04-09 16:45:59,638 - DEBUG - Divide: 184 By: 138
 2020-04-09 16:45:59,638 - DEBUG - Divide: 421 By: 282
 2020-04-09 16:45:59,638 - DEBUG - Divide: 818 By: 225
 2020-04-09 16:45:59,638 - DEBUG - Divide: 458 By: 251
 2020-04-09 16:45:59,638 - DEBUG - Divide: 367 By: 273
 2020-04-09 16:45:59,638 - DEBUG - Divide: 13 By: 0
 2020-04-09 16:45:59,638 - CRITICAL - Line 62: Error dividing 13 by 0. Cannot divide by 0.
 2020-04-09 16:45:59,638 - DEBUG - Divide: 399 By: 207
 2020-04-09 16:45:59,638 - DEBUG - Divide: 986 By: 291
 2020-04-09 16:45:59,638 - DEBUG - Divide: 650 By: 12
 2020-04-09 16:45:59,638 - DEBUG - Divide: 169 By: 36
 2020-04-09 16:45:59,638 - DEBUG - Divide: 237 By: 118
 2020-04-09 16:45:59,638 - DEBUG - Divide: 648 By: 178
 2020-04-09 16:45:59,638 - DEBUG - Divide: 824 By: 19
 2020-04-09 16:45:59,639 - DEBUG - Divide: 18 By: 282
 2020-04-09 16:45:59,639 - DEBUG - Divide: 894 By: 101
 2020-04-09 16:45:59,639 - DEBUG - Divide: 978 By: 206
 2020-04-09 16:45:59,639 - DEBUG - Divide: 419 By: 260
 2020-04-09 16:45:59,639 - DEBUG - Divide: 11 By: 15
 2020-04-09 16:45:59,639 - DEBUG - Divide: 833 By: 177
 2020-04-09 16:45:59,639 - DEBUG - Divide: 853 By: 216
 2020-04-09 16:45:59,639 - DEBUG - Divide: 718 By: 232
 2020-04-09 16:45:59,639 - DEBUG - Divide: 146 By: 280
 2020-04-09 16:45:59,639 - DEBUG - Divide: 789 By: 79
 2020-04-09 16:45:59,639 - DEBUG - Divide: 596 By: 57
 2020-04-09 16:45:59,639 - DEBUG - Divide: 731 By: 75
 2020-04-09 16:45:59,639 - DEBUG - Divide: 723 By: 229
 2020-04-09 16:45:59,639 - DEBUG - Divide: 497 By: 243
 2020-04-09 16:45:59,639 - DEBUG - Divide: 940 By: 5
 2020-04-09 16:45:59,640 - DEBUG - Divide: 144 By: 244
 2020-04-09 16:45:59,640 - DEBUG - Divide: 875 By: 299
 2020-04-09 16:45:59,640 - DEBUG - Divide: 516 By: 59
 2020-04-09 16:45:59,640 - DEBUG - Divide: 298 By: 30
 2020-04-09 16:45:59,640 - DEBUG - Divide: 469 By: 35
 2020-04-09 16:45:59,640 - DEBUG - Divide: 370 By: 277
 2020-04-09 16:45:59,640 - DEBUG - Divide: 250 By: 266
 2020-04-09 16:45:59,640 - DEBUG - Divide: 567 By: 123
 2020-04-09 16:45:59,640 - DEBUG - Divide: 348 By: 28
 2020-04-09 16:45:59,640 - DEBUG - Divide: 27 By: 266
 2020-04-09 16:45:59,640 - DEBUG - Divide: 726 By: 293
 2020-04-09 16:45:59,640 - DEBUG - Divide: 81 By: 109
 2020-04-09 16:45:59,640 - DEBUG - Divide: 899 By: 179
 2020-04-09 16:45:59,640 - DEBUG - Divide: 4 By: 268
 2020-04-09 16:45:59,640 - DEBUG - Divide: 648 By: 214
 2020-04-09 16:45:59,640 - DEBUG - Divide: 966 By: 65
 2020-04-09 16:45:59,641 - DEBUG - Divide: 316 By: 287
 2020-04-09 16:45:59,641 - DEBUG - Divide: 325 By: 90
 2020-04-09 16:45:59,641 - DEBUG - Divide: 298 By: 208
 2020-04-09 16:45:59,641 - DEBUG - Divide: 158 By: 24
 2020-04-09 16:45:59,641 - DEBUG - Divide: 131 By: 164
 2020-04-09 16:45:59,641 - DEBUG - Divide: 970 By: 147
 2020-04-09 16:45:59,641 - DEBUG - Divide: 75 By: 272
 2020-04-09 16:45:59,641 - DEBUG - Divide: 610 By: 22
 2020-04-09 16:45:59,641 - DEBUG - Divide: 700 By: 118
 2020-04-09 16:45:59,641 - DEBUG - Divide: 83 By: 218
 2020-04-09 16:45:59,641 - DEBUG - Divide: 828 By: 50
 2020-04-09 16:45:59,641 - DEBUG - Divide: 860 By: 30
 2020-04-09 16:45:59,641 - DEBUG - Divide: 802 By: 48
 2020-04-09 16:45:59,641 - DEBUG - Divide: 427 By: 284
 2020-04-09 16:45:59,641 - DEBUG - Divide: 160 By: 271
 2020-04-09 16:45:59,641 - DEBUG - Divide: 437 By: 217
 2020-04-09 16:45:59,642 - DEBUG - Divide: 629 By: 106
 2020-04-09 16:45:59,642 - DEBUG - Divide: 311 By: 85
 2020-04-09 16:45:59,642 - DEBUG - Divide: 581 By: 219
 2020-04-09 16:45:59,642 - DEBUG - Divide: 792 By: 32
 2020-04-09 16:45:59,642 - DEBUG - Divide: 536 By: 250
 2020-04-09 16:45:59,642 - DEBUG - Divide: 113 By: 23
 2020-04-09 16:45:59,642 - DEBUG - Divide: 863 By: 153
 2020-04-09 16:45:59,642 - DEBUG - Divide: 59 By: 164
 2020-04-09 16:45:59,642 - DEBUG - Divide: 114 By: 44
 2020-04-09 16:45:59,642 - DEBUG - Divide: 86 By: 177
 2020-04-09 16:45:59,642 - DEBUG - Divide: 868 By: 252
 2020-04-09 16:45:59,642 - DEBUG - Divide: 804 By: 29
 2020-04-09 16:45:59,642 - DEBUG - Divide: 136 By: 30
 2020-04-09 16:45:59,642 - DEBUG - Divide: 104 By: 115
 2020-04-09 16:45:59,642 - DEBUG - Divide: 842 By: 273
 2020-04-09 16:45:59,642 - DEBUG - Divide: 389 By: 163
 2020-04-09 16:45:59,642 - DEBUG - Divide: 416 By: 196
 2020-04-09 16:45:59,642 - DEBUG - Divide: 45 By: 231
 2020-04-09 16:45:59,642 - DEBUG - Divide: 454 By: 46
 2020-04-09 16:45:59,642 - DEBUG - Divide: 704 By: 145
 2020-04-09 16:45:59,642 - DEBUG - Divide: 804 By: 229
 2020-04-09 16:45:59,642 - DEBUG - Divide: 135 By: 233
 2020-04-09 16:45:59,642 - DEBUG - Divide: 944 By: 297
 2020-04-09 16:45:59,642 - DEBUG - Divide: 302 By: 37
 2020-04-09 16:45:59,642 - DEBUG - Divide: 582 By: 155
 2020-04-09 16:45:59,642 - DEBUG - Divide: 675 By: 168
 2020-04-09 16:45:59,642 - DEBUG - Divide: 811 By: 284
 2020-04-09 16:45:59,642 - DEBUG - Divide: 804 By: 219
 2020-04-09 16:45:59,642 - DEBUG - Divide: 890 By: 116
 2020-04-09 16:45:59,642 - DEBUG - Divide: 15 By: 52
 2020-04-09 16:45:59,643 - DEBUG - Divide: 603 By: 65
 2020-04-09 16:45:59,643 - DEBUG - Divide: 397 By: 10
 2020-04-09 16:45:59,643 - DEBUG - Divide: 757 By: 92
 2020-04-09 16:45:59,643 - DEBUG - Divide: 394 By: 238
 2020-04-09 16:45:59,643 - DEBUG - Divide: 576 By: 243
 2020-04-09 16:45:59,643 - DEBUG - Divide: 922 By: 144
 2020-04-09 16:45:59,643 - DEBUG - Divide: 403 By: 225
 2020-04-09 16:45:59,643 - DEBUG - Divide: 782 By: 129
 2020-04-09 16:45:59,643 - DEBUG - Divide: 726 By: 137
 2020-04-09 16:45:59,643 - DEBUG - Divide: 882 By: 15
 2020-04-09 16:45:59,643 - DEBUG - Divide: 773 By: 127
 2020-04-09 16:45:59,643 - DEBUG - Divide: 192 By: 152
 2020-04-09 16:45:59,643 - DEBUG - Divide: 852 By: 64
 2020-04-09 16:45:59,643 - DEBUG - Divide: 386 By: 134
 2020-04-09 16:45:59,643 - DEBUG - Divide: 972 By: 199
 2020-04-09 16:45:59,645 - DEBUG - Divide: 985 By: 135
 2020-04-09 16:45:59,645 - DEBUG - Divide: 653 By: 133
 2020-04-09 16:45:59,645 - DEBUG - Divide: 483 By: 51
 2020-04-09 16:45:59,645 - DEBUG - Divide: 386 By: 271
 2020-04-09 16:45:59,645 - DEBUG - Divide: 751 By: 184
 2020-04-09 16:45:59,645 - DEBUG - Divide: 320 By: 294
 2020-04-09 16:45:59,645 - DEBUG - Divide: 216 By: 175
 2020-04-09 16:45:59,645 - DEBUG - Divide: 360 By: 227
 2020-04-09 16:45:59,645 - DEBUG - Divide: 450 By: 68
 2020-04-09 16:45:59,645 - DEBUG - Divide: 848 By: 16
 2020-04-09 16:45:59,645 - DEBUG - Divide: 168 By: 287
 2020-04-09 16:45:59,645 - DEBUG - Divide: 136 By: 135
 2020-04-09 16:45:59,645 - DEBUG - Divide: 974 By: 212
 2020-04-09 16:45:59,645 - DEBUG - Divide: 157 By: 216
 2020-04-09 16:45:59,645 - DEBUG - Divide: 713 By: 197
 2020-04-09 16:45:59,645 - DEBUG - Divide: 145 By: 77
 2020-04-09 16:45:59,645 - DEBUG - Divide: 319 By: 174
 2020-04-09 16:45:59,645 - DEBUG - Divide: 757 By: 141
 2020-04-09 16:45:59,645 - DEBUG - Divide: 803 By: 61
 2020-04-09 16:45:59,645 - DEBUG - Divide: 382 By: 152
 2020-04-09 16:45:59,645 - DEBUG - Divide: 743 By: 0
 2020-04-09 16:45:59,645 - CRITICAL - Line 62: Error dividing 743 by 0. Cannot divide by 0.
 2020-04-09 16:45:59,645 - DEBUG - Divide: 755 By: 4
 2020-04-09 16:45:59,645 - DEBUG - Divide: 186 By: 133
 2020-04-09 16:45:59,645 - DEBUG - Divide: 709 By: 104
 2020-04-09 16:45:59,645 - DEBUG - Divide: 762 By: 46
 2020-04-09 16:45:59,645 - DEBUG - Divide: 582 By: 14
 2020-04-09 16:45:59,645 - DEBUG - Divide: 186 By: 162
 2020-04-09 16:45:59,645 - DEBUG - Divide: 90 By: 255
 2020-04-09 16:45:59,645 - DEBUG - Divide: 325 By: 66
 2020-04-09 16:45:59,645 - DEBUG - Divide: 306 By: 63
 2020-04-09 16:45:59,645 - DEBUG - Divide: 508 By: 147
 2020-04-09 16:45:59,646 - DEBUG - Divide: 580 By: 34
 2020-04-09 16:45:59,646 - DEBUG - Divide: 735 By: 44
 2020-04-09 16:45:59,646 - DEBUG - Divide: 301 By: 125
 2020-04-09 16:45:59,646 - DEBUG - Divide: 458 By: 151
 2020-04-09 16:45:59,646 - DEBUG - Divide: 694 By: 247
 2020-04-09 16:45:59,646 - DEBUG - Divide: 772 By: 133
 2020-04-09 16:45:59,646 - DEBUG - Divide: 862 By: 65
 2020-04-09 16:45:59,646 - DEBUG - Divide: 920 By: 58
 2020-04-09 16:45:59,646 - DEBUG - Divide: 103 By: 115
 2020-04-09 16:45:59,646 - DEBUG - Divide: 508 By: 14
 2020-04-09 16:45:59,647 - DEBUG - Divide: 233 By: 157
 2020-04-09 16:45:59,647 - DEBUG - Divide: 203 By: 274
 2020-04-09 16:45:59,647 - DEBUG - Divide: 553 By: 141
 2020-04-09 16:45:59,647 - DEBUG - Divide: 634 By: 208
 2020-04-09 16:45:59,647 - DEBUG - Divide: 63 By: 156
 2020-04-09 16:45:59,647 - DEBUG - Divide: 336 By: 202
 2020-04-09 16:45:59,647 - DEBUG - Divide: 212 By: 232
 2020-04-09 16:45:59,647 - DEBUG - Divide: 866 By: 105
 2020-04-09 16:45:59,647 - DEBUG - Divide: 353 By: 75
 2020-04-09 16:45:59,647 - DEBUG - Divide: 69 By: 237
 2020-04-09 16:45:59,647 - DEBUG - Divide: 442 By: 247
 2020-04-09 16:45:59,647 - DEBUG - Divide: 52 By: 140
 2020-04-09 16:45:59,647 - DEBUG - Divide: 550 By: 206
 2020-04-09 16:45:59,647 - DEBUG - Divide: 613 By: 283
 2020-04-09 16:45:59,647 - DEBUG - Divide: 220 By: 81
 2020-04-09 16:45:59,649 - DEBUG - Divide: 641 By: 72
 2020-04-09 16:45:59,649 - DEBUG - Divide: 927 By: 50
 2020-04-09 16:45:59,649 - DEBUG - Divide: 12 By: 271
 2020-04-09 16:45:59,649 - DEBUG - Divide: 538 By: 136
 2020-04-09 16:45:59,649 - DEBUG - Divide: 822 By: 163
 2020-04-09 16:45:59,649 - DEBUG - Divide: 874 By: 247
 2020-04-09 16:45:59,649 - DEBUG - Divide: 594 By: 115
 2020-04-09 16:45:59,649 - DEBUG - Divide: 84 By: 280
 2020-04-09 16:45:59,649 - DEBUG - Divide: 701 By: 148
 2020-04-09 16:45:59,649 - DEBUG - Divide: 879 By: 55
 2020-04-09 16:45:59,649 - DEBUG - Divide: 495 By: 234
 2020-04-09 16:45:59,649 - DEBUG - Divide: 263 By: 88
 2020-04-09 16:45:59,649 - DEBUG - Divide: 685 By: 36
 2020-04-09 16:45:59,649 - DEBUG - Divide: 326 By: 23
 2020-04-09 16:45:59,649 - DEBUG - Divide: 304 By: 166
 2020-04-09 16:45:59,649 - DEBUG - Divide: 161 By: 155
 2020-04-09 16:45:59,650 - DEBUG - Divide: 968 By: 80
 2020-04-09 16:45:59,650 - DEBUG - Divide: 460 By: 205
 2020-04-09 16:45:59,650 - DEBUG - Divide: 451 By: 75
 2020-04-09 16:45:59,650 - DEBUG - Divide: 613 By: 217
 2020-04-09 16:45:59,650 - DEBUG - Divide: 529 By: 222
 2020-04-09 16:45:59,650 - DEBUG - Divide: 758 By: 251
 2020-04-09 16:45:59,650 - DEBUG - Divide: 429 By: 257
 2020-04-09 16:45:59,650 - DEBUG - Divide: 330 By: 126
 2020-04-09 16:45:59,650 - DEBUG - Divide: 834 By: 61
 2020-04-09 16:45:59,650 - DEBUG - Divide: 228 By: 158
 2020-04-09 16:45:59,650 - DEBUG - Divide: 350 By: 116
 2020-04-09 16:45:59,650 - DEBUG - Divide: 285 By: 38
 2020-04-09 16:45:59,650 - DEBUG - Divide: 509 By: 194
 2020-04-09 16:45:59,650 - DEBUG - Divide: 13 By: 217
 2020-04-09 16:45:59,650 - DEBUG - Divide: 101 By: 160
 2020-04-09 16:45:59,650 - DEBUG - Divide: 969 By: 240
 2020-04-09 16:45:59,650 - DEBUG - Divide: 262 By: 25
 2020-04-09 16:45:59,650 - DEBUG - Divide: 326 By: 6
 2020-04-09 16:45:59,650 - DEBUG - Divide: 827 By: 249
 2020-04-09 16:45:59,650 - DEBUG - Divide: 494 By: 227
 2020-04-09 16:45:59,650 - DEBUG - Divide: 297 By: 168
 2020-04-09 16:45:59,650 - DEBUG - Divide: 616 By: 177
 2020-04-09 16:45:59,650 - DEBUG - Divide: 728 By: 290
 2020-04-09 16:45:59,650 - DEBUG - Divide: 634 By: 77
 2020-04-09 16:45:59,650 - DEBUG - Divide: 406 By: 23
 2020-04-09 16:45:59,650 - DEBUG - Divide: 286 By: 225
 2020-04-09 16:45:59,650 - DEBUG - Divide: 130 By: 15
 2020-04-09 16:45:59,650 - DEBUG - Divide: 360 By: 196
 2020-04-09 16:45:59,650 - DEBUG - Divide: 390 By: 41
 2020-04-09 16:45:59,650 - DEBUG - Divide: 801 By: 202
 2020-04-09 16:45:59,650 - DEBUG - Divide: 501 By: 96
 2020-04-09 16:45:59,651 - DEBUG - Divide: 902 By: 34
 2020-04-09 16:45:59,651 - DEBUG - Divide: 972 By: 46
 2020-04-09 16:45:59,651 - DEBUG - Divide: 712 By: 188
 2020-04-09 16:45:59,651 - DEBUG - Divide: 129 By: 97
 2020-04-09 16:45:59,651 - DEBUG - Divide: 665 By: 278
 2020-04-09 16:45:59,651 - DEBUG - Divide: 297 By: 249
 2020-04-09 16:45:59,651 - DEBUG - Divide: 404 By: 20
 2020-04-09 16:45:59,651 - DEBUG - Divide: 862 By: 153
 2020-04-09 16:45:59,651 - DEBUG - Divide: 99 By: 201
 2020-04-09 16:45:59,651 - DEBUG - Divide: 652 By: 224
 2020-04-09 16:45:59,651 - DEBUG - Divide: 709 By: 152
 2020-04-09 16:45:59,651 - DEBUG - Divide: 619 By: 3
 2020-04-09 16:45:59,651 - DEBUG - Divide: 120 By: 225
 2020-04-09 16:45:59,651 - DEBUG - Divide: 379 By: 260
 2020-04-09 16:45:59,651 - DEBUG - Divide: 461 By: 192
 2020-04-09 16:45:59,651 - DEBUG - Divide: 377 By: 267
 2020-04-09 16:45:59,652 - DEBUG - Divide: 584 By: 250
 2020-04-09 16:45:59,652 - DEBUG - Divide: 992 By: 137
 2020-04-09 16:45:59,652 - DEBUG - Divide: 336 By: 266
 2020-04-09 16:45:59,652 - DEBUG - Divide: 65 By: 170
 2020-04-09 16:45:59,652 - DEBUG - Divide: 315 By: 133
 2020-04-09 16:45:59,652 - DEBUG - Divide: 681 By: 299
 2020-04-09 16:45:59,652 - DEBUG - Divide: 215 By: 288
 2020-04-09 16:45:59,652 - DEBUG - Divide: 679 By: 242
 2020-04-09 16:45:59,652 - DEBUG - Divide: 5 By: 226
 2020-04-09 16:45:59,652 - DEBUG - Divide: 671 By: 199
 2020-04-09 16:45:59,652 - DEBUG - Divide: 462 By: 188
 2020-04-09 16:45:59,652 - DEBUG - Divide: 121 By: 250
 2020-04-09 16:45:59,652 - DEBUG - Divide: 162 By: 55
 2020-04-09 16:45:59,652 - DEBUG - Divide: 476 By: 227
 2020-04-09 16:45:59,653 - DEBUG - Divide: 453 By: 108
 2020-04-09 16:45:59,653 - DEBUG - Divide: 438 By: 157
 2020-04-09 16:45:59,653 - DEBUG - Divide: 45 By: 133
 2020-04-09 16:45:59,653 - DEBUG - Divide: 498 By: 122
 2020-04-09 16:45:59,653 - DEBUG - Divide: 912 By: 203
 2020-04-09 16:45:59,653 - DEBUG - Divide: 658 By: 128
 2020-04-09 16:45:59,653 - DEBUG - Divide: 589 By: 182
 2020-04-09 16:45:59,653 - DEBUG - Divide: 5 By: 275
 2020-04-09 16:45:59,653 - DEBUG - Divide: 589 By: 291
 2020-04-09 16:45:59,653 - DEBUG - Divide: 597 By: 144
 2020-04-09 16:45:59,653 - DEBUG - Divide: 713 By: 150
 2020-04-09 16:45:59,653 - DEBUG - Divide: 840 By: 11
 2020-04-09 16:45:59,653 - DEBUG - Divide: 534 By: 276
 2020-04-09 16:45:59,653 - DEBUG - Divide: 536 By: 189
 2020-04-09 16:45:59,653 - DEBUG - Divide: 995 By: 57
 2020-04-09 16:45:59,654 - DEBUG - Divide: 122 By: 281
 2020-04-09 16:45:59,654 - DEBUG - Divide: 190 By: 18
 2020-04-09 16:45:59,654 - DEBUG - Divide: 594 By: 126
 2020-04-09 16:45:59,654 - DEBUG - Divide: 837 By: 82
 2020-04-09 16:45:59,654 - DEBUG - Divide: 723 By: 288
 2020-04-09 16:45:59,654 - DEBUG - Divide: 609 By: 226
 2020-04-09 16:45:59,654 - DEBUG - Divide: 167 By: 155
 2020-04-09 16:45:59,654 - DEBUG - Divide: 729 By: 108
 2020-04-09 16:45:59,654 - DEBUG - Divide: 280 By: 33
 2020-04-09 16:45:59,654 - DEBUG - Divide: 734 By: 15
 2020-04-09 16:45:59,654 - DEBUG - Divide: 251 By: 94
 2020-04-09 16:45:59,654 - DEBUG - Divide: 239 By: 254
 2020-04-09 16:45:59,654 - DEBUG - Divide: 269 By: 153
 2020-04-09 16:45:59,654 - DEBUG - Divide: 492 By: 290
 2020-04-09 16:45:59,654 - DEBUG - Divide: 639 By: 13
 2020-04-09 16:45:59,655 - DEBUG - Divide: 848 By: 221
 2020-04-09 16:45:59,655 - DEBUG - Divide: 141 By: 25
 2020-04-09 16:45:59,655 - DEBUG - Divide: 925 By: 102
 2020-04-09 16:45:59,655 - DEBUG - Divide: 653 By: 22
 2020-04-09 16:45:59,655 - DEBUG - Divide: 27 By: 51
 2020-04-09 16:45:59,655 - DEBUG - Divide: 815 By: 68
 2020-04-09 16:45:59,655 - DEBUG - Divide: 71 By: 15
 2020-04-09 16:45:59,655 - DEBUG - Divide: 450 By: 187
 2020-04-09 16:45:59,655 - DEBUG - Divide: 180 By: 2
 2020-04-09 16:45:59,655 - DEBUG - Divide: 562 By: 197
 2020-04-09 16:45:59,655 - DEBUG - Divide: 872 By: 230
 2020-04-09 16:45:59,655 - DEBUG - Divide: 797 By: 232
 2020-04-09 16:45:59,655 - DEBUG - Divide: 94 By: 300
 2020-04-09 16:45:59,655 - DEBUG - Divide: 85 By: 210
 2020-04-09 16:45:59,655 - DEBUG - Divide: 567 By: 55
 2020-04-09 16:45:59,655 - DEBUG - Divide: 906 By: 276
 2020-04-09 16:45:59,656 - DEBUG - Divide: 618 By: 64
 2020-04-09 16:45:59,656 - DEBUG - Divide: 334 By: 209
 2020-04-09 16:45:59,656 - DEBUG - Divide: 638 By: 300
 2020-04-09 16:45:59,656 - DEBUG - Divide: 7 By: 107
 2020-04-09 16:45:59,656 - DEBUG - Divide: 752 By: 272
 2020-04-09 16:45:59,656 - DEBUG - Divide: 510 By: 192
 2020-04-09 16:45:59,656 - DEBUG - Divide: 112 By: 223
 2020-04-09 16:45:59,656 - DEBUG - Divide: 499 By: 103
 2020-04-09 16:45:59,656 - DEBUG - Divide: 485 By: 117
 2020-04-09 16:45:59,656 - DEBUG - Divide: 404 By: 291
 2020-04-09 16:45:59,656 - DEBUG - Divide: 875 By: 52
 2020-04-09 16:45:59,656 - DEBUG - Divide: 787 By: 178
 2020-04-09 16:45:59,656 - DEBUG - Divide: 763 By: 93
 2020-04-09 16:45:59,656 - DEBUG - Divide: 489 By: 193
 2020-04-09 16:45:59,656 - DEBUG - Divide: 158 By: 150
 2020-04-09 16:45:59,656 - DEBUG - Divide: 59 By: 80
 2020-04-09 16:45:59,657 - DEBUG - Divide: 644 By: 229
 2020-04-09 16:45:59,657 - DEBUG - Divide: 250 By: 115
 2020-04-09 16:45:59,657 - DEBUG - Divide: 814 By: 114
 2020-04-09 16:45:59,657 - DEBUG - Divide: 120 By: 18
 2020-04-09 16:45:59,657 - DEBUG - Divide: 543 By: 10
 2020-04-09 16:45:59,657 - DEBUG - Divide: 312 By: 50
 2020-04-09 16:45:59,657 - DEBUG - Divide: 490 By: 260
 2020-04-09 16:45:59,657 - DEBUG - Divide: 636 By: 154
 2020-04-09 16:45:59,657 - DEBUG - Divide: 908 By: 75
 2020-04-09 16:45:59,657 - DEBUG - Divide: 424 By: 212
 2020-04-09 16:45:59,658 - DEBUG - Divide: 990 By: 270
 2020-04-09 16:45:59,658 - DEBUG - Divide: 711 By: 237
 2020-04-09 16:45:59,658 - DEBUG - Divide: 848 By: 75
 2020-04-09 16:45:59,658 - DEBUG - Divide: 945 By: 229
 2020-04-09 16:45:59,658 - DEBUG - Divide: 69 By: 3
 2020-04-09 16:45:59,658 - DEBUG - Divide: 863 By: 151
 2020-04-09 16:45:59,658 - DEBUG - Divide: 740 By: 264
 2020-04-09 16:45:59,658 - DEBUG - Divide: 255 By: 257
 2020-04-09 16:45:59,658 - DEBUG - Divide: 238 By: 24
 2020-04-09 16:45:59,658 - DEBUG - Divide: 142 By: 15
 2020-04-09 16:45:59,658 - DEBUG - Divide: 698 By: 30
 2020-04-09 16:45:59,658 - DEBUG - Divide: 179 By: 188
 2020-04-09 16:45:59,658 - DEBUG - Divide: 909 By: 185
 2020-04-09 16:45:59,658 - DEBUG - Divide: 909 By: 20
 2020-04-09 16:45:59,658 - DEBUG - Divide: 339 By: 154
 2020-04-09 16:45:59,658 - DEBUG - Divide: 185 By: 270
 2020-04-09 16:45:59,659 - DEBUG - Divide: 226 By: 19
 2020-04-09 16:45:59,659 - DEBUG - Divide: 24 By: 297
 2020-04-09 16:45:59,659 - DEBUG - Divide: 21 By: 77
 2020-04-09 16:45:59,659 - DEBUG - Divide: 839 By: 213
 2020-04-09 16:45:59,659 - DEBUG - Divide: 420 By: 110
 2020-04-09 16:45:59,659 - DEBUG - Divide: 27 By: 87
 2020-04-09 16:45:59,659 - DEBUG - Divide: 662 By: 30
 2020-04-09 16:45:59,659 - DEBUG - Divide: 291 By: 63
 2020-04-09 16:45:59,659 - DEBUG - Divide: 393 By: 115
 2020-04-09 16:45:59,659 - DEBUG - Divide: 762 By: 211
 2020-04-09 16:45:59,659 - DEBUG - Divide: 112 By: 64
 2020-04-09 16:45:59,659 - DEBUG - Divide: 250 By: 154
 2020-04-09 16:45:59,659 - DEBUG - Divide: 153 By: 84
 2020-04-09 16:45:59,659 - DEBUG - Divide: 583 By: 198
 2020-04-09 16:45:59,659 - DEBUG - Divide: 308 By: 124
 2020-04-09 16:45:59,659 - DEBUG - Divide: 628 By: 127
 2020-04-09 16:45:59,659 - DEBUG - Divide: 201 By: 48
 2020-04-09 16:45:59,660 - DEBUG - Divide: 707 By: 65
 2020-04-09 16:45:59,660 - DEBUG - Divide: 170 By: 85
 2020-04-09 16:45:59,660 - DEBUG - Divide: 555 By: 99
 2020-04-09 16:45:59,660 - DEBUG - Divide: 738 By: 205
 2020-04-09 16:45:59,660 - DEBUG - Divide: 467 By: 168
 2020-04-09 16:45:59,660 - DEBUG - Divide: 537 By: 60
 2020-04-09 16:45:59,660 - DEBUG - Divide: 763 By: 207
 2020-04-09 16:45:59,660 - DEBUG - Divide: 99 By: 211
 2020-04-09 16:45:59,660 - DEBUG - Divide: 583 By: 190
 2020-04-09 16:45:59,660 - DEBUG - Divide: 467 By: 224
 2020-04-09 16:45:59,660 - DEBUG - Divide: 836 By: 127
 2020-04-09 16:45:59,660 - DEBUG - Divide: 156 By: 170
 2020-04-09 16:45:59,660 - DEBUG - Divide: 357 By: 282
 2020-04-09 16:45:59,660 - DEBUG - Divide: 838 By: 19
 2020-04-09 16:45:59,660 - DEBUG - Divide: 929 By: 151
 2020-04-09 16:45:59,661 - DEBUG - Divide: 948 By: 284
 2020-04-09 16:45:59,661 - DEBUG - Divide: 897 By: 234
 2020-04-09 16:45:59,661 - DEBUG - Divide: 641 By: 166
 2020-04-09 16:45:59,661 - DEBUG - Divide: 931 By: 293
 2020-04-09 16:45:59,661 - DEBUG - Divide: 670 By: 113
 2020-04-09 16:45:59,661 - DEBUG - Divide: 889 By: 114
 2020-04-09 16:45:59,661 - DEBUG - Divide: 502 By: 242
 2020-04-09 16:45:59,661 - DEBUG - Divide: 234 By: 278
 2020-04-09 16:45:59,661 - DEBUG - Divide: 823 By: 30
 2020-04-09 16:45:59,661 - DEBUG - Divide: 201 By: 133
 2020-04-09 16:45:59,661 - DEBUG - Divide: 444 By: 254
 2020-04-09 16:45:59,661 - DEBUG - Divide: 662 By: 152
 2020-04-09 16:45:59,661 - DEBUG - Divide: 17 By: 26
 2020-04-09 16:45:59,661 - DEBUG - Divide: 864 By: 115
 2020-04-09 16:45:59,661 - DEBUG - Divide: 231 By: 49
 2020-04-09 16:45:59,662 - DEBUG - Divide: 353 By: 278
 2020-04-09 16:45:59,662 - DEBUG - Divide: 325 By: 255
 2020-04-09 16:45:59,662 - DEBUG - Divide: 690 By: 233
 2020-04-09 16:45:59,662 - DEBUG - Divide: 333 By: 232
 2020-04-09 16:45:59,662 - DEBUG - Divide: 903 By: 258
 2020-04-09 16:45:59,662 - DEBUG - Divide: 877 By: 47
 2020-04-09 16:45:59,662 - DEBUG - Divide: 393 By: 241
 2020-04-09 16:45:59,662 - DEBUG - Divide: 922 By: 58
 2020-04-09 16:45:59,662 - DEBUG - Divide: 589 By: 168
 2020-04-09 16:45:59,662 - DEBUG - Divide: 511 By: 165
 2020-04-09 16:45:59,662 - DEBUG - Divide: 551 By: 287
 2020-04-09 16:45:59,662 - DEBUG - Divide: 446 By: 126
 2020-04-09 16:45:59,662 - DEBUG - Divide: 825 By: 65
 2020-04-09 16:45:59,662 - DEBUG - Divide: 418 By: 75
 2020-04-09 16:45:59,663 - DEBUG - Divide: 401 By: 300
 2020-04-09 16:45:59,663 - DEBUG - Divide: 372 By: 253
 2020-04-09 16:45:59,663 - DEBUG - Divide: 862 By: 290
 2020-04-09 16:45:59,663 - DEBUG - Divide: 813 By: 65
 2020-04-09 16:45:59,663 - DEBUG - Divide: 610 By: 218
 2020-04-09 16:45:59,663 - DEBUG - Divide: 307 By: 180
 2020-04-09 16:45:59,663 - DEBUG - Divide: 226 By: 203
 2020-04-09 16:45:59,663 - DEBUG - Divide: 653 By: 253
 2020-04-09 16:45:59,663 - DEBUG - Divide: 504 By: 196
 2020-04-09 16:45:59,663 - DEBUG - Divide: 419 By: 30
 2020-04-09 16:45:59,663 - DEBUG - Divide: 37 By: 249
 2020-04-09 16:45:59,663 - DEBUG - Divide: 980 By: 51
 2020-04-09 16:45:59,663 - DEBUG - Divide: 402 By: 6
 2020-04-09 16:45:59,664 - DEBUG - Divide: 854 By: 55
 2020-04-09 16:45:59,664 - DEBUG - Divide: 685 By: 296
 2020-04-09 16:45:59,664 - DEBUG - Divide: 582 By: 244
 2020-04-09 16:45:59,664 - DEBUG - Divide: 612 By: 134
 2020-04-09 16:45:59,664 - DEBUG - Divide: 354 By: 275
 2020-04-09 16:45:59,664 - DEBUG - Divide: 338 By: 124
 2020-04-09 16:45:59,664 - DEBUG - Divide: 692 By: 89
 2020-04-09 16:45:59,664 - DEBUG - Divide: 46 By: 120
 2020-04-09 16:45:59,664 - DEBUG - Divide: 185 By: 264
 2020-04-09 16:45:59,664 - DEBUG - Divide: 687 By: 89
 2020-04-09 16:45:59,664 - DEBUG - Divide: 628 By: 252
 2020-04-09 16:45:59,664 - DEBUG - Divide: 788 By: 275
 2020-04-09 16:45:59,664 - DEBUG - Divide: 748 By: 53
 2020-04-09 16:45:59,664 - DEBUG - Divide: 518 By: 183
 2020-04-09 16:45:59,664 - DEBUG - Divide: 684 By: 193
 2020-04-09 16:45:59,664 - DEBUG - Divide: 316 By: 45
 2020-04-09 16:45:59,665 - DEBUG - Divide: 29 By: 281
 2020-04-09 16:45:59,665 - DEBUG - Divide: 192 By: 24
 2020-04-09 16:45:59,665 - DEBUG - Divide: 281 By: 18
 2020-04-09 16:45:59,665 - DEBUG - Divide: 397 By: 250
 2020-04-09 16:45:59,665 - DEBUG - Divide: 867 By: 234
 2020-04-09 16:45:59,665 - DEBUG - Divide: 933 By: 4
 2020-04-09 16:45:59,665 - DEBUG - Divide: 421 By: 277
 2020-04-09 16:45:59,665 - DEBUG - Divide: 116 By: 145
 2020-04-09 16:45:59,665 - DEBUG - Divide: 15 By: 209
 2020-04-09 16:45:59,665 - DEBUG - Divide: 294 By: 233
 2020-04-09 16:45:59,665 - DEBUG - Divide: 870 By: 98
 2020-04-09 16:45:59,665 - DEBUG - Divide: 801 By: 32
 2020-04-09 16:45:59,665 - DEBUG - Divide: 34 By: 238
 2020-04-09 16:45:59,665 - DEBUG - Divide: 170 By: 210
 2020-04-09 16:45:59,665 - DEBUG - Divide: 125 By: 123
 2020-04-09 16:45:59,665 - DEBUG - Divide: 21 By: 153
 2020-04-09 16:45:59,665 - DEBUG - Divide: 466 By: 113
 2020-04-09 16:45:59,666 - DEBUG - Divide: 393 By: 300
 2020-04-09 16:45:59,666 - DEBUG - Divide: 59 By: 197
 2020-04-09 16:45:59,666 - DEBUG - Divide: 530 By: 29
 2020-04-09 16:45:59,666 - DEBUG - Divide: 148 By: 0
 2020-04-09 16:45:59,666 - CRITICAL - Line 62: Error dividing 148 by 0. Cannot divide by 0.
 2020-04-09 16:45:59,666 - DEBUG - Divide: 232 By: 249
 2020-04-09 16:45:59,666 - DEBUG - Divide: 953 By: 168
 2020-04-09 16:45:59,666 - DEBUG - Divide: 603 By: 197
 2020-04-09 16:45:59,666 - DEBUG - Divide: 468 By: 28
 2020-04-09 16:45:59,666 - DEBUG - Divide: 946 By: 235
 2020-04-09 16:45:59,666 - DEBUG - Divide: 175 By: 250
 2020-04-09 16:45:59,666 - DEBUG - Divide: 437 By: 89
 2020-04-09 16:45:59,666 - DEBUG - Divide: 748 By: 61
 2020-04-09 16:45:59,666 - DEBUG - Divide: 589 By: 211
 2020-04-09 16:45:59,666 - DEBUG - Divide: 339 By: 117
 2020-04-09 16:45:59,667 - DEBUG - Divide: 21 By: 199
 2020-04-09 16:45:59,667 - DEBUG - Divide: 751 By: 220
 2020-04-09 16:45:59,667 - DEBUG - Divide: 878 By: 170
 2020-04-09 16:45:59,667 - DEBUG - Divide: 367 By: 289
 2020-04-09 16:45:59,667 - DEBUG - Divide: 577 By: 278
 2020-04-09 16:45:59,667 - DEBUG - Divide: 75 By: 156
 2020-04-09 16:45:59,667 - DEBUG - Divide: 441 By: 92
 2020-04-09 16:45:59,667 - DEBUG - Divide: 422 By: 237
 2020-04-09 16:45:59,667 - DEBUG - Divide: 587 By: 29
 2020-04-09 16:45:59,667 - DEBUG - Divide: 985 By: 145
 2020-04-09 16:45:59,667 - DEBUG - Divide: 428 By: 239
 2020-04-09 16:45:59,667 - DEBUG - Divide: 135 By: 132
 2020-04-09 16:45:59,667 - DEBUG - Divide: 238 By: 69
 2020-04-09 16:45:59,667 - DEBUG - Divide: 539 By: 210
 2020-04-09 16:45:59,667 - DEBUG - Divide: 309 By: 203
 2020-04-09 16:45:59,668 - DEBUG - Divide: 240 By: 72
 2020-04-09 16:45:59,668 - DEBUG - Divide: 722 By: 196
 2020-04-09 16:45:59,668 - DEBUG - Divide: 869 By: 215
 2020-04-09 16:45:59,668 - DEBUG - Divide: 264 By: 257
 2020-04-09 16:45:59,668 - DEBUG - Divide: 829 By: 166
 2020-04-09 16:45:59,668 - DEBUG - Divide: 387 By: 138
 2020-04-09 16:45:59,668 - DEBUG - Divide: 910 By: 205
 2020-04-09 16:45:59,668 - DEBUG - Divide: 106 By: 125
 2020-04-09 16:45:59,668 - DEBUG - Divide: 786 By: 20
 2020-04-09 16:45:59,668 - DEBUG - Divide: 462 By: 29
 2020-04-09 16:45:59,668 - DEBUG - Divide: 13 By: 275
 2020-04-09 16:45:59,668 - DEBUG - Divide: 881 By: 262
 2020-04-09 16:45:59,668 - DEBUG - Divide: 670 By: 119
 2020-04-09 16:45:59,668 - DEBUG - Divide: 700 By: 174
 2020-04-09 16:45:59,668 - DEBUG - Divide: 663 By: 3
 2020-04-09 16:45:59,669 - DEBUG - Divide: 530 By: 82
 2020-04-09 16:45:59,669 - DEBUG - Divide: 844 By: 201
 2020-04-09 16:45:59,669 - DEBUG - Divide: 392 By: 247
 2020-04-09 16:45:59,669 - DEBUG - Divide: 640 By: 231
 2020-04-09 16:45:59,669 - DEBUG - Divide: 719 By: 203
 2020-04-09 16:45:59,669 - DEBUG - Divide: 1 By: 277
 2020-04-09 16:45:59,669 - DEBUG - Divide: 718 By: 269
 2020-04-09 16:45:59,669 - DEBUG - Divide: 816 By: 164
 2020-04-09 16:45:59,669 - DEBUG - Divide: 388 By: 38
 2020-04-09 16:45:59,669 - DEBUG - Divide: 896 By: 12
 2020-04-09 16:45:59,669 - DEBUG - Divide: 403 By: 37
 2020-04-09 16:45:59,669 - DEBUG - Divide: 662 By: 234
 2020-04-09 16:45:59,669 - DEBUG - Divide: 825 By: 281
 2020-04-09 16:45:59,669 - DEBUG - Divide: 40 By: 92
 2020-04-09 16:45:59,669 - DEBUG - Divide: 802 By: 263
 2020-04-09 16:45:59,669 - DEBUG - Divide: 638 By: 120
 2020-04-09 16:45:59,670 - DEBUG - Divide: 795 By: 113
 2020-04-09 16:45:59,670 - DEBUG - Divide: 337 By: 110
 2020-04-09 16:45:59,670 - DEBUG - Divide: 479 By: 67
 2020-04-09 16:45:59,670 - DEBUG - Divide: 144 By: 211
 2020-04-09 16:45:59,670 - DEBUG - Divide: 859 By: 180
 2020-04-09 16:45:59,670 - DEBUG - Divide: 770 By: 263
 2020-04-09 16:45:59,670 - DEBUG - Divide: 521 By: 297
 2020-04-09 16:45:59,670 - DEBUG - Divide: 936 By: 69
 2020-04-09 16:45:59,670 - DEBUG - Divide: 34 By: 199
 2020-04-09 16:45:59,670 - DEBUG - Divide: 28 By: 187
 2020-04-09 16:45:59,670 - DEBUG - Divide: 977 By: 263
 2020-04-09 16:45:59,670 - DEBUG - Divide: 87 By: 147
 2020-04-09 16:45:59,670 - DEBUG - Divide: 285 By: 201
 2020-04-09 16:45:59,670 - DEBUG - Divide: 553 By: 267
 2020-04-09 16:45:59,671 - DEBUG - Divide: 47 By: 238
 2020-04-09 16:45:59,671 - DEBUG - Divide: 209 By: 206
 2020-04-09 16:45:59,671 - DEBUG - Divide: 829 By: 221
 2020-04-09 16:45:59,671 - DEBUG - Divide: 133 By: 113
 2020-04-09 16:45:59,671 - DEBUG - Divide: 1000 By: 259
 2020-04-09 16:45:59,671 - DEBUG - Divide: 167 By: 93
 2020-04-09 16:45:59,671 - DEBUG - Divide: 793 By: 183
 2020-04-09 16:45:59,671 - DEBUG - Divide: 102 By: 53
 2020-04-09 16:45:59,671 - DEBUG - Divide: 835 By: 0
 2020-04-09 16:45:59,671 - CRITICAL - Line 62: Error dividing 835 by 0. Cannot divide by 0.
 2020-04-09 16:45:59,671 - DEBUG - Divide: 52 By: 72
 2020-04-09 16:45:59,671 - DEBUG - Divide: 435 By: 118
 2020-04-09 16:45:59,671 - DEBUG - Divide: 741 By: 123
 2020-04-09 16:45:59,671 - DEBUG - Divide: 299 By: 32
 2020-04-09 16:45:59,671 - DEBUG - Divide: 376 By: 64
 2020-04-09 16:45:59,672 - DEBUG - Divide: 992 By: 182
 2020-04-09 16:45:59,672 - DEBUG - Divide: 799 By: 241
 2020-04-09 16:45:59,672 - DEBUG - Divide: 584 By: 262
 2020-04-09 16:45:59,672 - DEBUG - Divide: 132 By: 219
 2020-04-09 16:45:59,672 - DEBUG - Divide: 656 By: 204
 2020-04-09 16:45:59,672 - DEBUG - Divide: 620 By: 23
 2020-04-09 16:45:59,672 - DEBUG - Divide: 677 By: 251
 2020-04-09 16:45:59,672 - DEBUG - Divide: 428 By: 130
 2020-04-09 16:45:59,672 - DEBUG - Divide: 484 By: 279
 2020-04-09 16:45:59,672 - DEBUG - Divide: 767 By: 96
 2020-04-09 16:45:59,672 - DEBUG - Divide: 672 By: 220
 2020-04-09 16:45:59,672 - DEBUG - Divide: 137 By: 112
 2020-04-09 16:45:59,672 - DEBUG - Divide: 793 By: 98
 2020-04-09 16:45:59,672 - DEBUG - Divide: 52 By: 66
 2020-04-09 16:45:59,672 - DEBUG - Divide: 295 By: 286
 2020-04-09 16:45:59,672 - DEBUG - Divide: 29 By: 37
 2020-04-09 16:45:59,673 - DEBUG - Divide: 400 By: 8
 2020-04-09 16:45:59,673 - DEBUG - Divide: 342 By: 180
 2020-04-09 16:45:59,673 - DEBUG - Divide: 512 By: 186
 2020-04-09 16:45:59,673 - DEBUG - Divide: 447 By: 164
 2020-04-09 16:45:59,673 - DEBUG - Divide: 322 By: 31
 2020-04-09 16:45:59,673 - DEBUG - Divide: 617 By: 116
 2020-04-09 16:45:59,673 - DEBUG - Divide: 369 By: 158
 2020-04-09 16:45:59,673 - DEBUG - Divide: 845 By: 227
 2020-04-09 16:45:59,673 - DEBUG - Divide: 178 By: 137
 2020-04-09 16:45:59,673 - DEBUG - Divide: 754 By: 116
 2020-04-09 16:45:59,674 - DEBUG - Divide: 171 By: 3
 2020-04-09 16:45:59,674 - DEBUG - Divide: 35 By: 265
 2020-04-09 16:45:59,674 - DEBUG - Divide: 11 By: 30
 2020-04-09 16:45:59,674 - DEBUG - Divide: 918 By: 98
 2020-04-09 16:45:59,674 - DEBUG - Divide: 706 By: 188
 2020-04-09 16:45:59,674 - DEBUG - Divide: 622 By: 284
 2020-04-09 16:45:59,674 - DEBUG - Divide: 794 By: 250
 2020-04-09 16:45:59,674 - DEBUG - Divide: 251 By: 162
 2020-04-09 16:45:59,674 - DEBUG - Divide: 862 By: 114
 2020-04-09 16:45:59,674 - DEBUG - Divide: 819 By: 143
 2020-04-09 16:45:59,674 - DEBUG - Divide: 215 By: 133
 2020-04-09 16:45:59,674 - DEBUG - Divide: 726 By: 184
 2020-04-09 16:45:59,674 - DEBUG - Divide: 107 By: 226
 2020-04-09 16:45:59,674 - DEBUG - Divide: 738 By: 271
 2020-04-09 16:45:59,674 - DEBUG - Divide: 484 By: 83
 2020-04-09 16:45:59,674 - DEBUG - Divide: 895 By: 157
 2020-04-09 16:45:59,675 - DEBUG - Divide: 629 By: 81
 2020-04-09 16:45:59,675 - DEBUG - Divide: 324 By: 91
 2020-04-09 16:45:59,675 - DEBUG - Divide: 868 By: 85
 2020-04-09 16:45:59,675 - DEBUG - Divide: 805 By: 164
 2020-04-09 16:45:59,675 - DEBUG - Divide: 432 By: 153
 2020-04-09 16:45:59,675 - DEBUG - Divide: 124 By: 196
 2020-04-09 16:45:59,675 - DEBUG - Divide: 770 By: 97
 2020-04-09 16:45:59,675 - DEBUG - Divide: 120 By: 134
 2020-04-09 16:45:59,675 - DEBUG - Divide: 694 By: 253
 2020-04-09 16:45:59,675 - DEBUG - Divide: 968 By: 99
 2020-04-09 16:45:59,675 - DEBUG - Divide: 231 By: 286
 2020-04-09 16:45:59,675 - DEBUG - Divide: 310 By: 125
 2020-04-09 16:45:59,675 - DEBUG - Divide: 855 By: 260
 2020-04-09 16:45:59,675 - DEBUG - Divide: 43 By: 173
 2020-04-09 16:45:59,675 - DEBUG - Divide: 640 By: 256
 2020-04-09 16:45:59,676 - DEBUG - Divide: 673 By: 143
 2020-04-09 16:45:59,676 - DEBUG - Divide: 271 By: 213
 2020-04-09 16:45:59,676 - DEBUG - Divide: 600 By: 202
 2020-04-09 16:45:59,676 - DEBUG - Divide: 140 By: 166
 2020-04-09 16:45:59,676 - DEBUG - Divide: 996 By: 144
 2020-04-09 16:45:59,676 - DEBUG - Divide: 538 By: 144
 2020-04-09 16:45:59,676 - DEBUG - Divide: 198 By: 108
 2020-04-09 16:45:59,676 - DEBUG - Divide: 646 By: 165
 2020-04-09 16:45:59,676 - DEBUG - Divide: 887 By: 87
 2020-04-09 16:45:59,676 - DEBUG - Divide: 294 By: 241
 2020-04-09 16:45:59,676 - DEBUG - Divide: 481 By: 99
 2020-04-09 16:45:59,676 - DEBUG - Divide: 474 By: 121
 2020-04-09 16:45:59,676 - DEBUG - Divide: 314 By: 233
 2020-04-09 16:45:59,676 - DEBUG - Divide: 318 By: 247
 2020-04-09 16:45:59,676 - DEBUG - Divide: 213 By: 86
 2020-04-09 16:45:59,676 - DEBUG - Divide: 527 By: 131
 2020-04-09 16:45:59,677 - DEBUG - Divide: 678 By: 170
 2020-04-09 16:45:59,677 - DEBUG - Divide: 295 By: 150
 2020-04-09 16:45:59,677 - DEBUG - Divide: 834 By: 212
 2020-04-09 16:45:59,677 - DEBUG - Divide: 413 By: 151
 2020-04-09 16:45:59,677 - DEBUG - Divide: 51 By: 114
 2020-04-09 16:45:59,677 - DEBUG - Divide: 86 By: 231
 2020-04-09 16:45:59,677 - DEBUG - Divide: 488 By: 69
 2020-04-09 16:45:59,677 - DEBUG - Divide: 204 By: 12
 2020-04-09 16:45:59,677 - DEBUG - Divide: 746 By: 248
 2020-04-09 16:45:59,677 - DEBUG - Divide: 497 By: 95
 2020-04-09 16:45:59,677 - DEBUG - Divide: 806 By: 236
 2020-04-09 16:45:59,677 - DEBUG - Divide: 895 By: 191
 2020-04-09 16:45:59,677 - DEBUG - Divide: 230 By: 15
 2020-04-09 16:45:59,677 - DEBUG - Divide: 813 By: 278
 2020-04-09 16:45:59,678 - DEBUG - Divide: 463 By: 77
 2020-04-09 16:45:59,678 - DEBUG - Divide: 848 By: 195
 2020-04-09 16:45:59,678 - DEBUG - Divide: 75 By: 46
 2020-04-09 16:45:59,678 - DEBUG - Divide: 144 By: 183
 2020-04-09 16:45:59,678 - DEBUG - Divide: 535 By: 283
 2020-04-09 16:45:59,678 - DEBUG - Divide: 116 By: 21
 2020-04-09 16:45:59,678 - DEBUG - Divide: 120 By: 156
 2020-04-09 16:45:59,678 - DEBUG - Divide: 394 By: 245
 2020-04-09 16:45:59,678 - DEBUG - Divide: 135 By: 140
 2020-04-09 16:45:59,678 - DEBUG - Divide: 23 By: 205
 2020-04-09 16:45:59,678 - DEBUG - Divide: 83 By: 172
 2020-04-09 16:45:59,678 - DEBUG - Divide: 885 By: 59
 2020-04-09 16:45:59,678 - DEBUG - Divide: 882 By: 112
 2020-04-09 16:45:59,678 - DEBUG - Divide: 926 By: 233
 2020-04-09 16:45:59,679 - DEBUG - Divide: 605 By: 184
 2020-04-09 16:45:59,679 - DEBUG - Divide: 40 By: 248
 2020-04-09 16:45:59,679 - DEBUG - Divide: 47 By: 231
 2020-04-09 16:45:59,679 - DEBUG - Divide: 648 By: 194
 2020-04-09 16:45:59,679 - DEBUG - Divide: 242 By: 247
 2020-04-09 16:45:59,679 - DEBUG - Divide: 70 By: 85
 2020-04-09 16:45:59,679 - DEBUG - Divide: 730 By: 157
 2020-04-09 16:45:59,679 - DEBUG - Divide: 611 By: 220
 2020-04-09 16:45:59,679 - DEBUG - Divide: 134 By: 71
 2020-04-09 16:45:59,679 - DEBUG - Divide: 188 By: 153
 2020-04-09 16:45:59,679 - DEBUG - Divide: 943 By: 7
 2020-04-09 16:45:59,679 - DEBUG - Divide: 207 By: 285
 2020-04-09 16:45:59,679 - DEBUG - Divide: 47 By: 104
 2020-04-09 16:45:59,679 - DEBUG - Divide: 840 By: 64
 2020-04-09 16:45:59,679 - DEBUG - Divide: 161 By: 17
 2020-04-09 16:45:59,679 - DEBUG - Divide: 480 By: 34
 2020-04-09 16:45:59,680 - DEBUG - Divide: 204 By: 128
 2020-04-09 16:45:59,680 - DEBUG - Divide: 91 By: 175
 2020-04-09 16:45:59,680 - DEBUG - Divide: 111 By: 44
 2020-04-09 16:45:59,680 - DEBUG - Divide: 782 By: 293
 2020-04-09 16:45:59,680 - DEBUG - Divide: 958 By: 155
 2020-04-09 16:45:59,680 - DEBUG - Divide: 709 By: 78
 2020-04-09 16:45:59,680 - DEBUG - Divide: 900 By: 185
 2020-04-09 16:45:59,680 - DEBUG - Divide: 860 By: 284
 2020-04-09 16:45:59,680 - DEBUG - Divide: 473 By: 299
 2020-04-09 16:45:59,680 - DEBUG - Divide: 482 By: 106
 2020-04-09 16:45:59,680 - DEBUG - Divide: 771 By: 223
 2020-04-09 16:45:59,680 - DEBUG - Divide: 847 By: 79
 2020-04-09 16:45:59,680 - DEBUG - Divide: 114 By: 35
 2020-04-09 16:45:59,680 - DEBUG - Divide: 25 By: 50
 2020-04-09 16:45:59,680 - DEBUG - Divide: 738 By: 212
 2020-04-09 16:45:59,680 - DEBUG - Divide: 688 By: 52
 2020-04-09 16:45:59,681 - DEBUG - Divide: 692 By: 290
 2020-04-09 16:45:59,681 - DEBUG - Divide: 998 By: 71
 2020-04-09 16:45:59,681 - DEBUG - Divide: 377 By: 7
 2020-04-09 16:45:59,681 - DEBUG - Divide: 542 By: 235
 2020-04-09 16:45:59,681 - DEBUG - Divide: 73 By: 246
 2020-04-09 16:45:59,681 - DEBUG - Divide: 847 By: 207
 2020-04-09 16:45:59,681 - DEBUG - Divide: 392 By: 175
 2020-04-09 16:45:59,681 - DEBUG - Divide: 994 By: 171
 2020-04-09 16:45:59,681 - DEBUG - Divide: 161 By: 90
 2020-04-09 16:45:59,681 - DEBUG - Divide: 494 By: 259
 2020-04-09 16:45:59,681 - DEBUG - Divide: 334 By: 214
 2020-04-09 16:45:59,681 - DEBUG - Divide: 834 By: 226
 2020-04-09 16:45:59,681 - DEBUG - Divide: 404 By: 139
 2020-04-09 16:45:59,681 - DEBUG - Divide: 106 By: 76
 2020-04-09 16:45:59,681 - DEBUG - Divide: 863 By: 221
 2020-04-09 16:45:59,682 - DEBUG - Divide: 185 By: 48
 2020-04-09 16:45:59,682 - DEBUG - Divide: 71 By: 152
 2020-04-09 16:45:59,682 - DEBUG - Divide: 963 By: 39
 2020-04-09 16:45:59,682 - DEBUG - Divide: 28 By: 292
 2020-04-09 16:45:59,682 - DEBUG - Divide: 559 By: 113
 2020-04-09 16:45:59,682 - DEBUG - Divide: 639 By: 72
 2020-04-09 16:45:59,682 - DEBUG - Divide: 610 By: 200
 2020-04-09 16:45:59,682 - DEBUG - Divide: 558 By: 205
 2020-04-09 16:45:59,682 - DEBUG - Divide: 948 By: 72
 2020-04-09 16:45:59,682 - DEBUG - Divide: 649 By: 27
 2020-04-09 16:45:59,682 - DEBUG - Divide: 139 By: 89
 2020-04-09 16:45:59,682 - DEBUG - Divide: 20 By: 294
 2020-04-09 16:45:59,682 - DEBUG - Divide: 378 By: 174
 2020-04-09 16:45:59,682 - DEBUG - Divide: 58 By: 209
 2020-04-09 16:45:59,682 - DEBUG - Divide: 92 By: 31
 2020-04-09 16:45:59,683 - DEBUG - Divide: 563 By: 221
 2020-04-09 16:45:59,683 - DEBUG - Divide: 62 By: 205
 2020-04-09 16:45:59,683 - DEBUG - Divide: 47 By: 19
 2020-04-09 16:45:59,683 - DEBUG - Divide: 169 By: 5
 2020-04-09 16:45:59,683 - DEBUG - Divide: 498 By: 239
 2020-04-09 16:45:59,683 - DEBUG - Divide: 362 By: 125
 2020-04-09 16:45:59,683 - DEBUG - Divide: 235 By: 283
 2020-04-09 16:45:59,683 - DEBUG - Divide: 656 By: 4
 2020-04-09 16:45:59,683 - DEBUG - Divide: 584 By: 161
 2020-04-09 16:45:59,683 - DEBUG - Divide: 285 By: 111
 2020-04-09 16:45:59,683 - DEBUG - Divide: 786 By: 74
 2020-04-09 16:45:59,683 - DEBUG - Divide: 317 By: 252
 2020-04-09 16:45:59,683 - DEBUG - Divide: 702 By: 78
 2020-04-09 16:45:59,684 - DEBUG - Divide: 41 By: 144
 2020-04-09 16:45:59,684 - DEBUG - Divide: 909 By: 254
 2020-04-09 16:45:59,684 - DEBUG - Divide: 728 By: 97
 2020-04-09 16:45:59,684 - DEBUG - Divide: 294 By: 124
 2020-04-09 16:45:59,684 - DEBUG - Divide: 946 By: 178
 2020-04-09 16:45:59,684 - DEBUG - Divide: 272 By: 16
 2020-04-09 16:45:59,684 - DEBUG - Divide: 989 By: 208
 2020-04-09 16:45:59,684 - DEBUG - Divide: 879 By: 111
 2020-04-09 16:45:59,684 - DEBUG - Divide: 875 By: 295
 2020-04-09 16:45:59,684 - DEBUG - Divide: 52 By: 123
 2020-04-09 16:45:59,684 - DEBUG - Divide: 697 By: 197
 2020-04-09 16:45:59,684 - DEBUG - Divide: 831 By: 259
 2020-04-09 16:45:59,684 - DEBUG - Divide: 784 By: 222
 2020-04-09 16:45:59,684 - DEBUG - Divide: 278 By: 251
 2020-04-09 16:45:59,684 - DEBUG - Divide: 998 By: 94
 2020-04-09 16:45:59,685 - DEBUG - Divide: 665 By: 65
 2020-04-09 16:45:59,685 - DEBUG - Divide: 100 By: 43
 2020-04-09 16:45:59,685 - DEBUG - Divide: 929 By: 48
 2020-04-09 16:45:59,685 - DEBUG - Divide: 669 By: 80
 2020-04-09 16:45:59,685 - DEBUG - Divide: 403 By: 112
 2020-04-09 16:45:59,685 - DEBUG - Divide: 36 By: 193
 2020-04-09 16:45:59,685 - DEBUG - Divide: 583 By: 217
 2020-04-09 16:45:59,685 - DEBUG - Divide: 841 By: 32
 2020-04-09 16:45:59,685 - DEBUG - Divide: 725 By: 33
 2020-04-09 16:45:59,685 - DEBUG - Divide: 605 By: 33
 2020-04-09 16:45:59,685 - DEBUG - Divide: 678 By: 55
 2020-04-09 16:45:59,685 - DEBUG - Divide: 699 By: 169
 2020-04-09 16:45:59,685 - DEBUG - Divide: 951 By: 93
 2020-04-09 16:45:59,685 - DEBUG - Divide: 940 By: 20
 2020-04-09 16:45:59,685 - DEBUG - Divide: 572 By: 234
 2020-04-09 16:45:59,685 - DEBUG - Divide: 422 By: 259
 2020-04-09 16:45:59,686 - DEBUG - Divide: 453 By: 290
 2020-04-09 16:45:59,686 - DEBUG - Divide: 168 By: 208
 2020-04-09 16:45:59,686 - DEBUG - Divide: 785 By: 166
 2020-04-09 16:45:59,686 - DEBUG - Divide: 522 By: 173
 2020-04-09 16:45:59,686 - DEBUG - Divide: 760 By: 29
 2020-04-09 16:45:59,686 - DEBUG - Divide: 686 By: 24
 2020-04-09 17:41:49,760 - DEBUG - Start of program
 2020-04-09 17:41:49,760 - DEBUG - Start of user input
