2020-04-09 17:50:51,618 
2020-04-09 17:50:51,618 Welcome to p-fish version1.0. . . New Scan Started
2020-04-09 17:50:51,618 
2020-04-09 17:50:51,618 System:win32
2020-04-09 17:50:51,618 Version:3.8.1 (tags/v3.8.1:1b293b6, Dec 18 2019, 22:39:24) [MSC v.1916 32 bit (Intel)]
2020-04-09 17:50:51,619 CSV File Failure
2020-04-09 17:50:51,619 Root Path:C:\ftb
2020-04-09 17:52:27,668 
2020-04-09 17:52:27,669 Welcome to p-fish version1.0. . . New Scan Started
2020-04-09 17:52:27,669 
2020-04-09 17:52:27,669 System:win32
2020-04-09 17:52:27,669 Version:3.8.1 (tags/v3.8.1:1b293b6, Dec 18 2019, 22:39:24) [MSC v.1916 32 bit (Intel)]
2020-04-09 17:52:27,669 CSV File Failure
2020-04-09 17:52:27,670 Root Path:C:\ftb
2020-04-09 17:54:37,154 
2020-04-09 17:54:37,154 Welcome to p-fish version1.0. . . New Scan Started
2020-04-09 17:54:37,154 
2020-04-09 17:54:37,154 System:win32
2020-04-09 17:54:37,155 Version:3.8.1 (tags/v3.8.1:1b293b6, Dec 18 2019, 22:39:24) [MSC v.1916 32 bit (Intel)]
2020-04-09 17:54:37,155 CSV File Failure
2020-04-09 17:54:37,155 Root Path:C:\ftb
2020-04-09 17:55:30,834 
2020-04-09 17:55:30,834 Welcome to p-fish version1.0. . . New Scan Started
2020-04-09 17:55:30,834 
2020-04-09 17:55:30,835 System:win32
2020-04-09 17:55:30,835 Version:3.8.1 (tags/v3.8.1:1b293b6, Dec 18 2019, 22:39:24) [MSC v.1916 32 bit (Intel)]
2020-04-09 17:55:30,835 CSV File Failure
2020-04-09 17:55:30,835 Root Path:C:\ftb
2020-04-09 17:56:36,352 
2020-04-09 17:56:36,353 Welcome to p-fish version1.0. . . New Scan Started
2020-04-09 17:56:36,353 
2020-04-09 17:56:36,353 System:win32
2020-04-09 17:56:36,353 Version:3.8.1 (tags/v3.8.1:1b293b6, Dec 18 2019, 22:39:24) [MSC v.1916 32 bit (Intel)]
2020-04-09 17:56:36,354 CSV File Failure
2020-04-09 17:56:36,354 Root Path:C:\ftb
2020-04-09 17:58:45,663 
2020-04-09 17:58:45,664 Welcome to p-fish version1.0. . . New Scan Started
2020-04-09 17:58:45,664 
2020-04-09 17:58:45,664 System:win32
2020-04-09 17:58:45,664 Version:3.8.1 (tags/v3.8.1:1b293b6, Dec 18 2019, 22:39:24) [MSC v.1916 32 bit (Intel)]
2020-04-09 17:58:45,664 CSV File Failure
2020-04-09 17:58:45,664 Root Path:C:\ftb
2020-04-09 18:02:57,173 
2020-04-09 18:02:57,173 Welcome to p-fish version1.0. . . New Scan Started
2020-04-09 18:02:57,173 
2020-04-09 18:02:57,174 System:win32
2020-04-09 18:02:57,174 Version:3.8.1 (tags/v3.8.1:1b293b6, Dec 18 2019, 22:39:24) [MSC v.1916 32 bit (Intel)]
2020-04-09 18:02:57,174 CSV File Failure
2020-04-09 18:02:57,174 Root Path:C:\ftb
2020-04-09 18:03:44,035 
2020-04-09 18:03:44,035 Welcome to p-fish version1.0. . . New Scan Started
2020-04-09 18:03:44,035 
2020-04-09 18:03:44,036 System:win32
2020-04-09 18:03:44,036 Version:3.8.1 (tags/v3.8.1:1b293b6, Dec 18 2019, 22:39:24) [MSC v.1916 32 bit (Intel)]
2020-04-09 18:04:18,005 
2020-04-09 18:04:18,005 Welcome to p-fish version1.0. . . New Scan Started
2020-04-09 18:04:18,005 
2020-04-09 18:04:18,005 System:win32
2020-04-09 18:04:18,005 Version:3.8.1 (tags/v3.8.1:1b293b6, Dec 18 2019, 22:39:24) [MSC v.1916 32 bit (Intel)]
2020-04-09 18:05:13,156 
2020-04-09 18:05:13,156 Welcome to p-fish version1.0. . . New Scan Started
2020-04-09 18:05:13,156 
2020-04-09 18:05:13,156 System:win32
2020-04-09 18:05:13,156 Version:3.8.1 (tags/v3.8.1:1b293b6, Dec 18 2019, 22:39:24) [MSC v.1916 32 bit (Intel)]
2020-04-09 18:05:17,289 
2020-04-09 18:05:17,289 Welcome to p-fish version1.0. . . New Scan Started
2020-04-09 18:05:17,289 
2020-04-09 18:05:17,289 System:win32
2020-04-09 18:05:17,289 Version:3.8.1 (tags/v3.8.1:1b293b6, Dec 18 2019, 22:39:24) [MSC v.1916 32 bit (Intel)]
2020-04-09 18:06:08,814 
2020-04-09 18:06:08,814 Welcome to p-fish version1.0. . . New Scan Started
2020-04-09 18:06:08,814 
2020-04-09 18:06:08,814 System:win32
2020-04-09 18:06:08,815 Version:3.8.1 (tags/v3.8.1:1b293b6, Dec 18 2019, 22:39:24) [MSC v.1916 32 bit (Intel)]
2020-04-09 18:06:08,815 Root Path:C:\ftb
2020-04-09 18:06:27,039 Files Processed:4017
2020-04-09 18:06:27,040 Elapsed Time:18.224659204483032seconds
2020-04-09 18:06:27,040 
2020-04-09 18:06:27,040 Program Terminated Normally
2020-04-09 18:06:27,040 
2020-04-09 18:07:49,185 
2020-04-09 18:07:49,185 Welcome to p-fish version1.0. . . New Scan Started
2020-04-09 18:07:49,185 
2020-04-09 18:07:49,186 System:win32
2020-04-09 18:07:49,186 Version:3.8.1 (tags/v3.8.1:1b293b6, Dec 18 2019, 22:39:24) [MSC v.1916 32 bit (Intel)]
2020-04-09 18:07:49,186 Root Path:C:\ftb
2020-04-09 20:31:35,884 
2020-04-09 20:31:35,884 Welcome to p-fish version1.0. . . New Scan Started
2020-04-09 20:31:35,884 
2020-04-09 20:31:35,884 System:win32
2020-04-09 20:31:35,884 Version:3.8.1 (tags/v3.8.1:1b293b6, Dec 18 2019, 22:39:24) [MSC v.1916 32 bit (Intel)]
2020-04-09 20:31:35,885 Root Path:C:\ftb
